<?xml version="1.0" encoding="UTF-8"?>
<testng-results ignored="0" total="1" passed="1" failed="0" skipped="0">
  <reporter-output>
    <line>
      <![CDATA[No of rows in TCSheet::9     No of rows in TSSheet::34]]>
    </line>
    <line>
      <![CDATA[Login Success::AdminFlow    http://primusbank.qedgetech.com/adminflow.aspx]]>
    </line>
    <line>
      <![CDATA[Employee Updation Failed::Updation Failure Due to Some Constraints]]>
    </line>
    <line>
      <![CDATA[Logout Success::]]>
    </line>
  </reporter-output>
  <suite started-at="2023-04-24T12:59:27 IST" name="Default suite" finished-at="2023-04-24T12:59:57 IST" duration-ms="30940">
    <groups>
    </groups>
    <test started-at="2023-04-24T12:59:27 IST" name="Default test" finished-at="2023-04-24T12:59:57 IST" duration-ms="30940">
      <class name="driverFactory.DriverScript">
        <test-method is-config="true" signature="setUp()[pri:0, instance:driverFactory.DriverScript@54422e18]" started-at="2023-04-24T12:59:21 IST" name="setUp" finished-at="2023-04-24T12:59:26 IST" duration-ms="5297" status="PASS">
          <reporter-output>
          </reporter-output>
        </test-method> <!-- setUp -->
        <test-method signature="startTest()[pri:0, instance:driverFactory.DriverScript@54422e18]" started-at="2023-04-24T12:59:27 IST" name="startTest" finished-at="2023-04-24T12:59:57 IST" duration-ms="30850" status="PASS">
          <reporter-output>
            <line>
              <![CDATA[No of rows in TCSheet::9     No of rows in TSSheet::34]]>
            </line>
            <line>
              <![CDATA[Login Success::AdminFlow    http://primusbank.qedgetech.com/adminflow.aspx]]>
            </line>
            <line>
              <![CDATA[Employee Updation Failed::Updation Failure Due to Some Constraints]]>
            </line>
            <line>
              <![CDATA[Logout Success::]]>
            </line>
          </reporter-output>
        </test-method> <!-- startTest -->
        <test-method is-config="true" signature="tearDown()[pri:0, instance:driverFactory.DriverScript@54422e18]" started-at="2023-04-24T12:59:58 IST" name="tearDown" finished-at="2023-04-24T12:59:58 IST" duration-ms="781" status="PASS">
          <reporter-output>
          </reporter-output>
        </test-method> <!-- tearDown -->
      </class> <!-- driverFactory.DriverScript -->
    </test> <!-- Default test -->
  </suite> <!-- Default suite -->
</testng-results>
